[2025-02-01 11:06:05Z INFO HostContext] No proxy settings were found based on environmental variables (http_proxy/https_proxy/HTTP_PROXY/HTTPS_PROXY)
[2025-02-01 11:06:05Z INFO HostContext] Well known directory 'Bin': 'D:\Ubuntu\tds\tdsRepo2\action-runners\bin'
[2025-02-01 11:06:05Z INFO HostContext] Well known directory 'Root': 'D:\Ubuntu\tds\tdsRepo2\action-runners'
[2025-02-01 11:06:05Z INFO HostContext] Well known config file 'Credentials': 'D:\Ubuntu\tds\tdsRepo2\action-runners\.credentials'
[2025-02-01 11:06:05Z INFO HostContext] Well known directory 'Bin': 'D:\Ubuntu\tds\tdsRepo2\action-runners\bin'
[2025-02-01 11:06:05Z INFO HostContext] Well known directory 'Root': 'D:\Ubuntu\tds\tdsRepo2\action-runners'
[2025-02-01 11:06:05Z INFO HostContext] Well known config file 'Runner': 'D:\Ubuntu\tds\tdsRepo2\action-runners\.runner'
[2025-02-01 11:06:05Z INFO Listener] Runner is built for Windows (X64) - win-x64.
[2025-02-01 11:06:05Z INFO Listener] RuntimeInformation: Microsoft Windows 10.0.22631.
[2025-02-01 11:06:05Z INFO Listener] Version: 2.321.0
[2025-02-01 11:06:05Z INFO Listener] Commit: e249007931b7c8e857797fa259c167f0bd4f997a
[2025-02-01 11:06:05Z INFO Listener] Culture: en-IN
[2025-02-01 11:06:05Z INFO Listener] UI Culture: en-US
[2025-02-01 11:06:05Z INFO HostContext] Well known directory 'Bin': 'D:\Ubuntu\tds\tdsRepo2\action-runners\bin'
[2025-02-01 11:06:05Z INFO HostContext] Well known directory 'Root': 'D:\Ubuntu\tds\tdsRepo2\action-runners'
[2025-02-01 11:06:05Z INFO Listener] Validating directory permissions for: 'D:\Ubuntu\tds\tdsRepo2\action-runners'
[2025-02-01 11:06:05Z INFO CommandLineParser] Parse
[2025-02-01 11:06:05Z INFO CommandLineParser] Parsing 1 args
[2025-02-01 11:06:05Z INFO CommandLineParser] parsing argument
[2025-02-01 11:06:05Z INFO CommandLineParser] HasArgs: False
[2025-02-01 11:06:05Z INFO CommandLineParser] Adding Command: run
[2025-02-01 11:06:05Z INFO Listener] Arguments parsed
[2025-02-01 11:06:05Z INFO Runner] ExecuteCommand
[2025-02-01 11:06:05Z INFO ConfigurationStore] currentAssemblyLocation: D:\Ubuntu\tds\tdsRepo2\action-runners\bin\Runner.Listener.dll
[2025-02-01 11:06:05Z INFO HostContext] Well known directory 'Bin': 'D:\Ubuntu\tds\tdsRepo2\action-runners\bin'
[2025-02-01 11:06:05Z INFO ConfigurationStore] binPath: D:\Ubuntu\tds\tdsRepo2\action-runners\bin
[2025-02-01 11:06:05Z INFO HostContext] Well known directory 'Bin': 'D:\Ubuntu\tds\tdsRepo2\action-runners\bin'
[2025-02-01 11:06:05Z INFO HostContext] Well known directory 'Root': 'D:\Ubuntu\tds\tdsRepo2\action-runners'
[2025-02-01 11:06:05Z INFO ConfigurationStore] RootFolder: D:\Ubuntu\tds\tdsRepo2\action-runners
[2025-02-01 11:06:05Z INFO HostContext] Well known directory 'Bin': 'D:\Ubuntu\tds\tdsRepo2\action-runners\bin'
[2025-02-01 11:06:05Z INFO HostContext] Well known directory 'Root': 'D:\Ubuntu\tds\tdsRepo2\action-runners'
[2025-02-01 11:06:05Z INFO HostContext] Well known config file 'Runner': 'D:\Ubuntu\tds\tdsRepo2\action-runners\.runner'
[2025-02-01 11:06:05Z INFO ConfigurationStore] ConfigFilePath: D:\Ubuntu\tds\tdsRepo2\action-runners\.runner
[2025-02-01 11:06:05Z INFO HostContext] Well known directory 'Bin': 'D:\Ubuntu\tds\tdsRepo2\action-runners\bin'
[2025-02-01 11:06:05Z INFO HostContext] Well known directory 'Root': 'D:\Ubuntu\tds\tdsRepo2\action-runners'
[2025-02-01 11:06:05Z INFO HostContext] Well known config file 'Credentials': 'D:\Ubuntu\tds\tdsRepo2\action-runners\.credentials'
[2025-02-01 11:06:05Z INFO ConfigurationStore] CredFilePath: D:\Ubuntu\tds\tdsRepo2\action-runners\.credentials
[2025-02-01 11:06:05Z INFO HostContext] Well known directory 'Bin': 'D:\Ubuntu\tds\tdsRepo2\action-runners\bin'
[2025-02-01 11:06:05Z INFO HostContext] Well known directory 'Root': 'D:\Ubuntu\tds\tdsRepo2\action-runners'
[2025-02-01 11:06:05Z INFO HostContext] Well known config file 'MigratedCredentials': 'D:\Ubuntu\tds\tdsRepo2\action-runners\.credentials_migrated'
[2025-02-01 11:06:05Z INFO ConfigurationStore] MigratedCredFilePath: D:\Ubuntu\tds\tdsRepo2\action-runners\.credentials_migrated
[2025-02-01 11:06:05Z INFO HostContext] Well known directory 'Bin': 'D:\Ubuntu\tds\tdsRepo2\action-runners\bin'
[2025-02-01 11:06:05Z INFO HostContext] Well known directory 'Root': 'D:\Ubuntu\tds\tdsRepo2\action-runners'
[2025-02-01 11:06:05Z INFO HostContext] Well known config file 'Service': 'D:\Ubuntu\tds\tdsRepo2\action-runners\.service'
[2025-02-01 11:06:05Z INFO ConfigurationStore] ServiceConfigFilePath: D:\Ubuntu\tds\tdsRepo2\action-runners\.service
[2025-02-01 11:06:06Z INFO CommandSettings] Flag 'help': 'False'
[2025-02-01 11:06:06Z INFO CommandSettings] Flag 'version': 'False'
[2025-02-01 11:06:06Z INFO CommandSettings] Flag 'commit': 'False'
[2025-02-01 11:06:06Z INFO CommandSettings] Flag 'check': 'False'
[2025-02-01 11:06:06Z INFO CommandSettings] Command 'configure': 'False'
[2025-02-01 11:06:06Z INFO CommandSettings] Command 'remove': 'False'
[2025-02-01 11:06:06Z INFO CommandSettings] Command 'warmup': 'False'
[2025-02-01 11:06:06Z INFO ConfigurationManager] LoadSettings
[2025-02-01 11:06:06Z INFO ConfigurationStore] IsConfigured()
[2025-02-01 11:06:06Z INFO ConfigurationStore] IsConfigured: True
[2025-02-01 11:06:06Z INFO ConfigurationManager] Is configured: True
[2025-02-01 11:06:06Z INFO ConfigurationStore] Read setting file: 311 chars
[2025-02-01 11:06:06Z INFO ConfigurationManager] Settings Loaded
[2025-02-01 11:06:06Z INFO ConfigurationStore] IsServiceConfigured()
[2025-02-01 11:06:06Z INFO ConfigurationStore] IsServiceConfigured: False
[2025-02-01 11:06:06Z INFO CommandSettings] Command 'run': 'True'
[2025-02-01 11:06:06Z INFO ConfigurationStore] IsConfigured()
[2025-02-01 11:06:06Z INFO ConfigurationStore] IsConfigured: True
[2025-02-01 11:06:06Z INFO ConfigurationManager] Is configured: True
[2025-02-01 11:06:06Z INFO Runner] Could not parse the argument value '' for StartupType. Defaulting to Manual
[2025-02-01 11:06:06Z INFO Runner] Set runner startup type - Manual
[2025-02-01 11:06:06Z INFO CommandSettings] Flag 'once': 'False'
[2025-02-01 11:06:06Z INFO CommandSettings] Flag 'once': 'False'
[2025-02-01 11:06:06Z INFO Runner] RunAsync
[2025-02-01 11:06:06Z INFO ConfigurationManager] LoadSettings
[2025-02-01 11:06:06Z INFO ConfigurationStore] IsConfigured()
[2025-02-01 11:06:06Z INFO ConfigurationStore] IsConfigured: True
[2025-02-01 11:06:06Z INFO ConfigurationManager] Is configured: True
[2025-02-01 11:06:06Z INFO ConfigurationManager] Settings Loaded
[2025-02-01 11:06:06Z INFO MessageListener] {
  "AgentId": 2,
  "AgentName": "JITHUS-DESKTOP",
  "PoolId": 1,
  "PoolName": "Default",
  "ServerUrl": "https://pipelinesghubeus24.actions.githubusercontent.com/we1Kl0jY5R9GIlKtKfGrmgB5yAtMwhz027YW6UfXBj0qG3fVSE/",
  "GitHubUrl": "https://github.com/abhijith-iitm/tdsRepo2",
  "WorkFolder": "_work"
}
[2025-02-01 11:06:06Z INFO MessageListener] Loading Credentials
[2025-02-01 11:06:06Z INFO ConfigurationStore] HasCredentials()
[2025-02-01 11:06:06Z INFO ConfigurationStore] stored True
[2025-02-01 11:06:06Z INFO CredentialManager] GetCredentialProvider
[2025-02-01 11:06:06Z INFO CredentialManager] Creating type OAuth
[2025-02-01 11:06:06Z INFO CredentialManager] Creating credential type: OAuth
[2025-02-01 11:06:06Z INFO HostContext] Well known directory 'Bin': 'D:\Ubuntu\tds\tdsRepo2\action-runners\bin'
[2025-02-01 11:06:06Z INFO HostContext] Well known directory 'Root': 'D:\Ubuntu\tds\tdsRepo2\action-runners'
[2025-02-01 11:06:06Z INFO HostContext] Well known config file 'RSACredentials': 'D:\Ubuntu\tds\tdsRepo2\action-runners\.credentials_rsaparams'
[2025-02-01 11:06:06Z INFO RSAEncryptedFileKeyManager] Loading RSA key parameters from file D:\Ubuntu\tds\tdsRepo2\action-runners\.credentials_rsaparams
[2025-02-01 11:06:06Z INFO MessageListener] Attempt to create session.
[2025-02-01 11:06:06Z INFO MessageListener] Connecting to the Runner Server...
[2025-02-01 11:06:06Z INFO RunnerServer] EstablishVssConnection
[2025-02-01 11:06:06Z INFO RunnerServer] Establish connection with 100 seconds timeout.
[2025-02-01 11:06:06Z INFO GitHubActionsService] Starting operation Location.GetConnectionData
[2025-02-01 11:06:06Z INFO RunnerServer] EstablishVssConnection
[2025-02-01 11:06:06Z INFO RunnerServer] Establish connection with 60 seconds timeout.
[2025-02-01 11:06:06Z INFO GitHubActionsService] Starting operation Location.GetConnectionData
[2025-02-01 11:06:06Z INFO RunnerServer] EstablishVssConnection
[2025-02-01 11:06:06Z INFO RunnerServer] Establish connection with 60 seconds timeout.
[2025-02-01 11:06:06Z INFO GitHubActionsService] Starting operation Location.GetConnectionData
[2025-02-01 11:06:07Z INFO GitHubActionsService] Finished operation Location.GetConnectionData
[2025-02-01 11:06:07Z INFO GitHubActionsService] Finished operation Location.GetConnectionData
[2025-02-01 11:06:07Z INFO GitHubActionsService] Finished operation Location.GetConnectionData
[2025-02-01 11:06:07Z INFO MessageListener] VssConnection created
[2025-02-01 11:06:07Z INFO Terminal] WRITE LINE: 
[2025-02-01 11:06:07Z INFO Terminal] WRITE LINE: 
[2025-02-01 11:06:07Z INFO RSAEncryptedFileKeyManager] Loading RSA key parameters from file D:\Ubuntu\tds\tdsRepo2\action-runners\.credentials_rsaparams
[2025-02-01 11:06:07Z INFO RSAEncryptedFileKeyManager] Loading RSA key parameters from file D:\Ubuntu\tds\tdsRepo2\action-runners\.credentials_rsaparams
[2025-02-01 11:06:08Z INFO GitHubActionsService] AAD Correlation ID for this token request: Unknown
[2025-02-01 11:06:08Z INFO MessageListener] Session created.
[2025-02-01 11:06:08Z INFO Terminal] WRITE LINE: Current runner version: '2.321.0'
[2025-02-01 11:06:08Z INFO Terminal] WRITE LINE: 2025-02-01 11:06:08Z: Listening for Jobs
[2025-02-01 11:06:08Z INFO JobDispatcher] Set runner/worker IPC timeout to 30 seconds.
[2025-02-01 11:06:08Z INFO RSAEncryptedFileKeyManager] Loading RSA key parameters from file D:\Ubuntu\tds\tdsRepo2\action-runners\.credentials_rsaparams
[2025-02-01 11:06:09Z INFO GitHubActionsService] AAD Correlation ID for this token request: Unknown
[2025-02-01 11:13:25Z INFO Terminal] WRITE LINE: Exiting...
[2025-02-01 11:13:25Z INFO ConfigurationStore] IsServiceConfigured()
[2025-02-01 11:13:25Z INFO ConfigurationStore] IsServiceConfigured: False
[2025-02-01 11:13:25Z INFO HostContext] Runner will be shutdown for UserCancelled
[2025-02-01 11:13:25Z WARN GitHubActionsService] GET request to https://broker.actions.githubusercontent.com/message?sessionId=09a74b2a-a659-4344-a2c3-ef4f46356aeb&status=Online&runnerVersion=2.321.0&os=Windows&architecture=X64&disableUpdate=false has been cancelled.
[2025-02-01 11:13:25Z ERR  BrokerServer] Catch exception during request
[2025-02-01 11:13:25Z ERR  BrokerServer] System.Threading.Tasks.TaskCanceledException: The operation was canceled.
 ---> System.Threading.Tasks.TaskCanceledException: The operation was canceled.
 ---> System.IO.IOException: Unable to read data from the transport connection: The I/O operation has been aborted because of either a thread exit or an application request..
 ---> System.Net.Sockets.SocketException (995): The I/O operation has been aborted because of either a thread exit or an application request.
   --- End of inner exception stack trace ---
   at System.Net.Sockets.Socket.AwaitableSocketAsyncEventArgs.ThrowException(SocketError error, CancellationToken cancellationToken)
   at System.Net.Sockets.Socket.AwaitableSocketAsyncEventArgs.System.Threading.Tasks.Sources.IValueTaskSource<System.Int32>.GetResult(Int16 token)
   at System.Net.Security.SslStream.EnsureFullTlsFrameAsync[TIOAdapter](CancellationToken cancellationToken, Int32 estimatedSize)
   at System.Runtime.CompilerServices.PoolingAsyncValueTaskMethodBuilder`1.StateMachineBox`1.System.Threading.Tasks.Sources.IValueTaskSource<TResult>.GetResult(Int16 token)
   at System.Net.Security.SslStream.ReadAsyncInternal[TIOAdapter](Memory`1 buffer, CancellationToken cancellationToken)
   at System.Runtime.CompilerServices.PoolingAsyncValueTaskMethodBuilder`1.StateMachineBox`1.System.Threading.Tasks.Sources.IValueTaskSource<TResult>.GetResult(Int16 token)
   at System.Net.Http.HttpConnection.SendAsync(HttpRequestMessage request, Boolean async, CancellationToken cancellationToken)
   --- End of inner exception stack trace ---
   at System.Net.Http.HttpConnection.SendAsync(HttpRequestMessage request, Boolean async, CancellationToken cancellationToken)
   at System.Net.Http.AuthenticationHelper.SendWithNtAuthAsync(HttpRequestMessage request, Uri authUri, Boolean async, ICredentials credentials, Boolean isProxyAuth, HttpConnection connection, HttpConnectionPool connectionPool, CancellationToken cancellationToken)
   at System.Net.Http.HttpConnectionPool.SendWithVersionDetectionAndRetryAsync(HttpRequestMessage request, Boolean async, Boolean doRequestAuth, CancellationToken cancellationToken)
   at System.Net.Http.AuthenticationHelper.SendWithAuthAsync(HttpRequestMessage request, Uri authUri, Boolean async, ICredentials credentials, Boolean preAuthenticate, Boolean isProxyAuth, Boolean doRequestAuth, HttpConnectionPool pool, CancellationToken cancellationToken)
   at System.Net.Http.RedirectHandler.SendAsync(HttpRequestMessage request, Boolean async, CancellationToken cancellationToken)
   at GitHub.Services.Common.RawHttpMessageHandler.SendAsync(HttpRequestMessage request, CancellationToken cancellationToken)
   at GitHub.Services.Common.VssHttpRetryMessageHandler.SendAsync(HttpRequestMessage request, CancellationToken cancellationToken)
   at System.Net.Http.HttpClient.<SendAsync>g__Core|83_0(HttpRequestMessage request, HttpCompletionOption completionOption, CancellationTokenSource cts, Boolean disposeCts, CancellationTokenSource pendingRequestsCts, CancellationToken originalCancellationToken)
   --- End of inner exception stack trace ---
   at System.Net.Http.HttpClient.HandleFailure(Exception e, Boolean telemetryStarted, HttpResponseMessage response, CancellationTokenSource cts, CancellationToken cancellationToken, CancellationTokenSource pendingRequestsCts)
   at System.Net.Http.HttpClient.<SendAsync>g__Core|83_0(HttpRequestMessage request, HttpCompletionOption completionOption, CancellationTokenSource cts, Boolean disposeCts, CancellationTokenSource pendingRequestsCts, CancellationToken originalCancellationToken)
   at Sdk.WebApi.WebApi.RawHttpClientBase.SendAsync(HttpRequestMessage message, HttpCompletionOption completionOption, Object userState, CancellationToken cancellationToken)
   at Sdk.WebApi.WebApi.RawHttpClientBase.SendAsync[T](HttpRequestMessage message, Boolean readErrorBody, Object userState, CancellationToken cancellationToken)
   at Sdk.WebApi.WebApi.RawHttpClientBase.SendAsync[T](HttpMethod method, IEnumerable`1 additionalHeaders, Uri requestUri, HttpContent content, IEnumerable`1 queryParameters, Boolean readErrorBody, Object userState, CancellationToken cancellationToken)
   at GitHub.Actions.RunService.WebApi.BrokerHttpClient.GetRunnerMessageAsync(Nullable`1 sessionId, String runnerVersion, Nullable`1 status, String os, String architecture, Nullable`1 disableUpdate, CancellationToken cancellationToken)
   at GitHub.Runner.Common.BrokerServer.<>c__DisplayClass7_0.<<GetRunnerMessageAsync>b__0>d.MoveNext()
--- End of stack trace from previous location ---
   at GitHub.Runner.Common.RunnerService.RetryRequest[T](Func`1 func, CancellationToken cancellationToken, Int32 maxRetryAttemptsCount, Func`2 shouldRetry)
[2025-02-01 11:13:25Z ERR  BrokerServer] #####################################################
[2025-02-01 11:13:25Z ERR  BrokerServer] System.Threading.Tasks.TaskCanceledException: The operation was canceled.
 ---> System.IO.IOException: Unable to read data from the transport connection: The I/O operation has been aborted because of either a thread exit or an application request..
 ---> System.Net.Sockets.SocketException (995): The I/O operation has been aborted because of either a thread exit or an application request.
   --- End of inner exception stack trace ---
   at System.Net.Sockets.Socket.AwaitableSocketAsyncEventArgs.ThrowException(SocketError error, CancellationToken cancellationToken)
   at System.Net.Sockets.Socket.AwaitableSocketAsyncEventArgs.System.Threading.Tasks.Sources.IValueTaskSource<System.Int32>.GetResult(Int16 token)
   at System.Net.Security.SslStream.EnsureFullTlsFrameAsync[TIOAdapter](CancellationToken cancellationToken, Int32 estimatedSize)
   at System.Runtime.CompilerServices.PoolingAsyncValueTaskMethodBuilder`1.StateMachineBox`1.System.Threading.Tasks.Sources.IValueTaskSource<TResult>.GetResult(Int16 token)
   at System.Net.Security.SslStream.ReadAsyncInternal[TIOAdapter](Memory`1 buffer, CancellationToken cancellationToken)
   at System.Runtime.CompilerServices.PoolingAsyncValueTaskMethodBuilder`1.StateMachineBox`1.System.Threading.Tasks.Sources.IValueTaskSource<TResult>.GetResult(Int16 token)
   at System.Net.Http.HttpConnection.SendAsync(HttpRequestMessage request, Boolean async, CancellationToken cancellationToken)
   --- End of inner exception stack trace ---
   at System.Net.Http.HttpConnection.SendAsync(HttpRequestMessage request, Boolean async, CancellationToken cancellationToken)
   at System.Net.Http.AuthenticationHelper.SendWithNtAuthAsync(HttpRequestMessage request, Uri authUri, Boolean async, ICredentials credentials, Boolean isProxyAuth, HttpConnection connection, HttpConnectionPool connectionPool, CancellationToken cancellationToken)
   at System.Net.Http.HttpConnectionPool.SendWithVersionDetectionAndRetryAsync(HttpRequestMessage request, Boolean async, Boolean doRequestAuth, CancellationToken cancellationToken)
   at System.Net.Http.AuthenticationHelper.SendWithAuthAsync(HttpRequestMessage request, Uri authUri, Boolean async, ICredentials credentials, Boolean preAuthenticate, Boolean isProxyAuth, Boolean doRequestAuth, HttpConnectionPool pool, CancellationToken cancellationToken)
   at System.Net.Http.RedirectHandler.SendAsync(HttpRequestMessage request, Boolean async, CancellationToken cancellationToken)
   at GitHub.Services.Common.RawHttpMessageHandler.SendAsync(HttpRequestMessage request, CancellationToken cancellationToken)
   at GitHub.Services.Common.VssHttpRetryMessageHandler.SendAsync(HttpRequestMessage request, CancellationToken cancellationToken)
   at System.Net.Http.HttpClient.<SendAsync>g__Core|83_0(HttpRequestMessage request, HttpCompletionOption completionOption, CancellationTokenSource cts, Boolean disposeCts, CancellationTokenSource pendingRequestsCts, CancellationToken originalCancellationToken)
[2025-02-01 11:13:25Z ERR  BrokerServer] #####################################################
[2025-02-01 11:13:25Z ERR  BrokerServer] System.IO.IOException: Unable to read data from the transport connection: The I/O operation has been aborted because of either a thread exit or an application request..
 ---> System.Net.Sockets.SocketException (995): The I/O operation has been aborted because of either a thread exit or an application request.
   --- End of inner exception stack trace ---
   at System.Net.Sockets.Socket.AwaitableSocketAsyncEventArgs.ThrowException(SocketError error, CancellationToken cancellationToken)
   at System.Net.Sockets.Socket.AwaitableSocketAsyncEventArgs.System.Threading.Tasks.Sources.IValueTaskSource<System.Int32>.GetResult(Int16 token)
   at System.Net.Security.SslStream.EnsureFullTlsFrameAsync[TIOAdapter](CancellationToken cancellationToken, Int32 estimatedSize)
   at System.Runtime.CompilerServices.PoolingAsyncValueTaskMethodBuilder`1.StateMachineBox`1.System.Threading.Tasks.Sources.IValueTaskSource<TResult>.GetResult(Int16 token)
   at System.Net.Security.SslStream.ReadAsyncInternal[TIOAdapter](Memory`1 buffer, CancellationToken cancellationToken)
   at System.Runtime.CompilerServices.PoolingAsyncValueTaskMethodBuilder`1.StateMachineBox`1.System.Threading.Tasks.Sources.IValueTaskSource<TResult>.GetResult(Int16 token)
   at System.Net.Http.HttpConnection.SendAsync(HttpRequestMessage request, Boolean async, CancellationToken cancellationToken)
[2025-02-01 11:13:25Z ERR  BrokerServer] #####################################################
[2025-02-01 11:13:25Z ERR  BrokerServer] System.Net.Sockets.SocketException (995): The I/O operation has been aborted because of either a thread exit or an application request.
[2025-02-01 11:13:25Z WARN BrokerServer] Back off 14.168 seconds before next retry. 4 attempt left.
[2025-02-01 11:13:25Z INFO MessageListener] Get next message has been cancelled.
[2025-02-01 11:13:25Z INFO JobDispatcher] Shutting down JobDispatcher. Make sure all WorkerDispatcher has finished.
[2025-02-01 11:13:25Z INFO Runner] Deleting Runner Session...
[2025-02-01 11:13:25Z INFO Listener] Runner execution been cancelled.
